<?xml version="1.0" encoding="UTF-8"?>
<!-- Generated by org.testng.reporters.JUnitXMLReporter -->
<testsuite hostname="1-ПК" name="Command line test" tests="5" failures="0" timestamp="26 May 2016 07:22:23 GMT" time="484.922" errors="0">
  <testcase name="changePassword" time="133.31" classname="Test.AutoTests"/>
  <testcase name="logInMyFish" time="33.922" classname="Test.AutoTests"/>
  <testcase name="logOutMyFish" time="127.431" classname="Test.AutoTests"/>
  <testcase name="search" time="35.775" classname="Test.AutoTests"/>
  <testcase name="subscribe" time="136.712" classname="Test.AutoTests"/>
</testsuite> <!-- Command line test -->
